---- 2025-09-29 10:26:30 ----
TO      : idirinadia10@gmail.com, idiricoaching56@gmail.com
SUBJECT : Nouveau contact — ABCD AZERTY
REPLYTO : azerty@gmail.com
BODY(TXT): 
Nouveau message de contact
------------------------
Nom       : AZERTY
Prénom    : ABCD
Email     : azerty@gmail.com
Téléphone : 0123456789
Adresse   : paris 75002

Message :
dis moi si tu a recu


---- 2025-09-29 12:10:08 ----
TO      : idirinadia10@gmail.com, idiricoaching56@gmail.com
SUBJECT : Nouveau contact — meme memedi
REPLYTO : meme@gmail.com
BODY(TXT): 
Nouveau message de contact
------------------------
Nom       : memedi
Prénom    : meme
Email     : meme@gmail.com
Téléphone : 0123456789
Adresse   : paris 75017

Message :
ok


---- 2025-09-29 19:14:36 ----
TO      : idirinadia10@gmail.com, idiricoaching56@gmail.com
SUBJECT : Nouveau contact — TREN IDIRI
REPLYTO : tren@gmail.com
BODY(TXT): 
Nouveau message de contact
------------------------
Nom       : IDIRI
Prénom    : TREN
Email     : tren@gmail.com
Téléphone : 0123456789
Adresse   : paris 75002

Message :
123456


---- 2025-09-30 09:34:39 ----
TO      : idirinadia10@gmail.com, idiricoaching56@gmail.com
SUBJECT : Nouveau contact — roger stark
REPLYTO : stark@gmail.com
BODY(TXT): 
Nouveau message de contact
------------------------
Nom       : stark
Prénom    : roger
Email     : stark@gmail.com
Téléphone : 0123456789
Adresse   : paris 75020

Message :
ok


